Java HotSpot(TM) 64-Bit Server VM warning: Ignoring option PermSize; support was removed in 8.0
Java HotSpot(TM) 64-Bit Server VM warning: Ignoring option MaxPermSize; support was removed in 8.0
SLF4J: Failed to load class "org.slf4j.impl.StaticLoggerBinder".
SLF4J: Defaulting to no-operation (NOP) logger implementation
SLF4J: See http://www.slf4j.org/codes.html#StaticLoggerBinder for further details.
java.lang.NoClassDefFoundError: javax/xml/bind/JAXBException: javax/xml/bind/JAXBException
oracle.fabric.common.FabricException: java.lang.NoClassDefFoundError: javax/xml/bind/JAXBException: javax/xml/bind/JAXBException
	at oracle.fabric.common.FabricMetadataManagerFactory.createMetadataManager(FabricMetadataManagerFactory.java:219)
	at oracle.fabric.common.FabricMetadataManagerFactory.createMetadataManager(FabricMetadataManagerFactory.java:185)
	at oracle.fabric.composite.model.ModuleConfigModel.initializeMetadataManager(ModuleConfigModel.java:116)
	at oracle.fabric.composite.model.CompositeModel.getClientMetadataManager(CompositeModel.java:302)
	at oracle.soa.scac.ValidateComposite.loadComposite(ValidateComposite.java:912)
	at oracle.soa.scac.ValidateComposite.doValidation(ValidateComposite.java:577)
	at oracle.soa.scac.ValidateComposite.run0(ValidateComposite.java:234)
	at oracle.soa.scac.ValidateComposite.run(ValidateComposite.java:215)
	at oracle.soa.scac.ValidateComposite.main(ValidateComposite.java:207)
Caused by: java.lang.NoClassDefFoundError: javax/xml/bind/JAXBException
	at oracle.mds.config.MDSConfig.<clinit>(MDSConfig.java:1696)
	at oracle.integration.platform.common.MDSUtil.getMDSConfig(MDSUtil.java:104)
	at oracle.integration.platform.common.MDSUtil.getMDSInstance(MDSUtil.java:201)
	at oracle.integration.platform.common.MDSMetadataManagerImpl.getMDSInstance(MDSMetadataManagerImpl.java:1072)
	at oracle.integration.platform.common.MDSMetadataManagerImpl.init(MDSMetadataManagerImpl.java:422)
	at oracle.integration.platform.common.MDSMetadataManagerImpl.<init>(MDSMetadataManagerImpl.java:281)
	at java.base/jdk.internal.reflect.NativeConstructorAccessorImpl.newInstance0(Native Method)
	at java.base/jdk.internal.reflect.NativeConstructorAccessorImpl.newInstance(NativeConstructorAccessorImpl.java:62)
	at java.base/jdk.internal.reflect.DelegatingConstructorAccessorImpl.newInstance(DelegatingConstructorAccessorImpl.java:45)
	at java.base/java.lang.reflect.Constructor.newInstanceWithCaller(Constructor.java:500)
	at java.base/java.lang.reflect.Constructor.newInstance(Constructor.java:481)
	at oracle.fabric.common.FabricMetadataManagerFactory.createMetadataManager(FabricMetadataManagerFactory.java:215)
	... 8 more
Caused by: java.lang.ClassNotFoundException: javax.xml.bind.JAXBException
	at java.base/jdk.internal.loader.BuiltinClassLoader.loadClass(BuiltinClassLoader.java:602)
	at java.base/jdk.internal.loader.ClassLoaders$AppClassLoader.loadClass(ClassLoaders.java:178)
	at java.base/java.lang.ClassLoader.loadClass(ClassLoader.java:521)
	... 20 more
